[2020-07-16 22:27:40] local.ERROR: Please provide a valid cache path. {"exception":"[object] (InvalidArgumentException(code: 0): Please provide a valid cache path. at C:\\Users\\NV\\Desktop\\al\\laravel projects\\dr_sara\\vendor\\laravel\\framework\\src\\Illuminate\\View\\Compilers\\Compiler.php:36)
[stacktrace]
#0 C:\\Users\\NV\\Desktop\\al\\laravel projects\\dr_sara\\vendor\\laravel\\framework\\src\\Illuminate\\View\\ViewServiceProvider.php(141): Illuminate\\View\\Compilers\\Compiler->__construct(Object(Illuminate\\Filesystem\\Filesystem), false)
#1 C:\\Users\\NV\\Desktop\\al\\laravel projects\\dr_sara\\vendor\\laravel\\framework\\src\\Illuminate\\Container\\Container.php(800): Illuminate\\View\\ViewServiceProvider->Illuminate\\View\\{closure}(Object(Illuminate\\Foundation\\Application), Array)
#2 C:\\Users\\NV\\Desktop\\al\\laravel projects\\dr_sara\\vendor\\laravel\\framework\\src\\Illuminate\\Container\\Container.php(682): Illuminate\\Container\\Container->build(Object(Closure))
#3 C:\\Users\\NV\\Desktop\\al\\laravel projects\\dr_sara\\vendor\\laravel\\framework\\src\\Illuminate\\Container\\Container.php(630): Illuminate\\Container\\Container->resolve('blade.compiler', Array)
#4 C:\\Users\\NV\\Desktop\\al\\laravel projects\\dr_sara\\vendor\\laravel\\framework\\src\\Illuminate\\Foundation\\Application.php(768): Illuminate\\Container\\Container->make('blade.compiler', Array)
#5 C:\\Users\\NV\\Desktop\\al\\laravel projects\\dr_sara\\vendor\\laravel\\framework\\src\\Illuminate\\Container\\Container.php(1246): Illuminate\\Foundation\\Application->make('blade.compiler')
#6 C:\\Users\\NV\\Desktop\\al\\laravel projects\\dr_sara\\vendor\\laravel\\framework\\src\\Illuminate\\View\\ViewServiceProvider.php(146): Illuminate\\Container\\Container->offsetGet('blade.compiler')
#7 [internal function]: Illuminate\\View\\ViewServiceProvider->Illuminate\\View\\{closure}()
#8 C:\\Users\\NV\\Desktop\\al\\laravel projects\\dr_sara\\vendor\\laravel\\framework\\src\\Illuminate\\View\\Engines\\EngineResolver.php(55): call_user_func(Object(Closure))
#9 C:\\Users\\NV\\Desktop\\al\\laravel projects\\dr_sara\\vendor\\facade\\ignition\\src\\IgnitionServiceProvider.php(370): Illuminate\\View\\Engines\\EngineResolver->resolve('blade')
#10 C:\\Users\\NV\\Desktop\\al\\laravel projects\\dr_sara\\vendor\\facade\\ignition\\src\\IgnitionServiceProvider.php(116): Facade\\Ignition\\IgnitionServiceProvider->hasCustomViewEnginesRegistered()
#11 C:\\Users\\NV\\Desktop\\al\\laravel projects\\dr_sara\\vendor\\facade\\ignition\\src\\IgnitionServiceProvider.php(78): Facade\\Ignition\\IgnitionServiceProvider->registerViewEngines()
#12 [internal function]: Facade\\Ignition\\IgnitionServiceProvider->boot()
#13 C:\\Users\\NV\\Desktop\\al\\laravel projects\\dr_sara\\vendor\\laravel\\framework\\src\\Illuminate\\Container\\BoundMethod.php(32): call_user_func_array(Array, Array)
#14 C:\\Users\\NV\\Desktop\\al\\laravel projects\\dr_sara\\vendor\\laravel\\framework\\src\\Illuminate\\Support\\helpers.php(520): Illuminate\\Container\\BoundMethod::Illuminate\\Container\\{closure}()
#15 C:\\Users\\NV\\Desktop\\al\\laravel projects\\dr_sara\\vendor\\laravel\\framework\\src\\Illuminate\\Container\\BoundMethod.php(90): value(Object(Closure))
#16 C:\\Users\\NV\\Desktop\\al\\laravel projects\\dr_sara\\vendor\\laravel\\framework\\src\\Illuminate\\Container\\BoundMethod.php(34): Illuminate\\Container\\BoundMethod::callBoundMethod(Object(Illuminate\\Foundation\\Application), Array, Object(Closure))
#17 C:\\Users\\NV\\Desktop\\al\\laravel projects\\dr_sara\\vendor\\laravel\\framework\\src\\Illuminate\\Container\\Container.php(591): Illuminate\\Container\\BoundMethod::call(Object(Illuminate\\Foundation\\Application), Array, Array, NULL)
#18 C:\\Users\\NV\\Desktop\\al\\laravel projects\\dr_sara\\vendor\\laravel\\framework\\src\\Illuminate\\Foundation\\Application.php(828): Illuminate\\Container\\Container->call(Array)
#19 C:\\Users\\NV\\Desktop\\al\\laravel projects\\dr_sara\\vendor\\laravel\\framework\\src\\Illuminate\\Foundation\\Application.php(811): Illuminate\\Foundation\\Application->bootProvider(Object(Facade\\Ignition\\IgnitionServiceProvider))
#20 [internal function]: Illuminate\\Foundation\\Application->Illuminate\\Foundation\\{closure}(Object(Facade\\Ignition\\IgnitionServiceProvider), 14)
#21 C:\\Users\\NV\\Desktop\\al\\laravel projects\\dr_sara\\vendor\\laravel\\framework\\src\\Illuminate\\Foundation\\Application.php(812): array_walk(Array, Object(Closure))
#22 C:\\Users\\NV\\Desktop\\al\\laravel projects\\dr_sara\\vendor\\laravel\\framework\\src\\Illuminate\\Foundation\\Bootstrap\\BootProviders.php(17): Illuminate\\Foundation\\Application->boot()
#23 C:\\Users\\NV\\Desktop\\al\\laravel projects\\dr_sara\\vendor\\laravel\\framework\\src\\Illuminate\\Foundation\\Application.php(211): Illuminate\\Foundation\\Bootstrap\\BootProviders->bootstrap(Object(Illuminate\\Foundation\\Application))
#24 C:\\Users\\NV\\Desktop\\al\\laravel projects\\dr_sara\\vendor\\laravel\\framework\\src\\Illuminate\\Foundation\\Console\\Kernel.php(320): Illuminate\\Foundation\\Application->bootstrapWith(Array)
#25 C:\\Users\\NV\\Desktop\\al\\laravel projects\\dr_sara\\vendor\\laravel\\framework\\src\\Illuminate\\Foundation\\Console\\Kernel.php(129): Illuminate\\Foundation\\Console\\Kernel->bootstrap()
#26 C:\\Users\\NV\\Desktop\\al\\laravel projects\\dr_sara\\artisan(37): Illuminate\\Foundation\\Console\\Kernel->handle(Object(Symfony\\Component\\Console\\Input\\ArgvInput), Object(Symfony\\Component\\Console\\Output\\ConsoleOutput))
#27 {main}
"} 
